Build started 11/13/2012 4:46:31 PM.
     1>Project "D:\code\CinderProjectEx1\vc10\CinderProjectEx1.vcxproj" on node 2 (build target(s)).
     1>InitializeBuildStatus:
         Creating "Debug\CinderProjectEx1.unsuccessfulbuild" because "AlwaysCreate" was specified.
       ClCompile:
         D:\Program Files (x86)\Microsoft Visual Studio 10.0\VC\bin\CL.exe /c /I..\include /I..\..\..\cpp\cinder_0.8.4_vc2010\cinder_0.8.4_vc2010\include /I..\..\..\cpp\cinder_0.8.4_vc2010\cinder_0.8.4_vc2010\boost /I"D:\code\CinderProjectEx1\lib\Cinder-OpenCV\include" /ZI /nologo /W3 /WX- /Od /Oy- /D WIN32 /D _DEBUG /D _WINDOWS /D _UNICODE /D UNICODE /Gm /EHsc /RTC1 /MTd /GS /fp:precise /Zc:wchar_t /Zc:forScope /Fo"Debug\\" /Fd"Debug\vc100.pdb" /Gd /TP /analyze- /errorReport:prompt ..\src\CinderProjectEx1App.cpp
         CinderProjectEx1App.cpp
     1>d:\code\cinderprojectex1\lib\cinder-opencv\include\opencv2\flann\logger.h(70): warning C4996: 'fopen': This function or variable may be unsafe. Consider using fopen_s instead. To disable deprecation, use _CRT_SECURE_NO_WARNINGS. See online help for details.
                 d:\program files (x86)\microsoft visual studio 10.0\vc\include\stdio.h(234) : see declaration of 'fopen'
     1>d:\code\cinderprojectex1\src\cinderprojectex1app.cpp(78): warning C4018: '>' : signed/unsigned mismatch
     1>d:\code\cinderprojectex1\src\cinderprojectex1app.cpp(100): warning C4244: 'initializing' : conversion from 'int' to 'float', possible loss of data
     1>d:\code\cinderprojectex1\src\cinderprojectex1app.cpp(101): warning C4244: 'initializing' : conversion from 'int' to 'float', possible loss of data
     1>d:\code\cinderprojectex1\src\cinderprojectex1app.cpp(124): warning C4018: '<' : signed/unsigned mismatch
     1>d:\code\cinderprojectex1\src\cinderprojectex1app.cpp(125): warning C4244: 'argument' : conversion from 'float' to 'uint8_t', possible loss of data
     1>d:\code\cinderprojectex1\src\cinderprojectex1app.cpp(125): warning C4244: 'argument' : conversion from 'float' to 'uint8_t', possible loss of data
     1>d:\code\cinderprojectex1\src\cinderprojectex1app.cpp(125): warning C4244: 'argument' : conversion from 'float' to 'uint8_t', possible loss of data
     1>d:\code\cinderprojectex1\src\cinderprojectex1app.cpp(141): warning C4018: '<' : signed/unsigned mismatch
       ResourceCompile:
         All outputs are up-to-date.
       ManifestResourceCompile:
         All outputs are up-to-date.
       Link:
         D:\Program Files (x86)\Microsoft Visual Studio 10.0\VC\bin\link.exe /ERRORREPORT:PROMPT /OUT:"D:\code\CinderProjectEx1\vc10\Debug\CinderProjectEx1.exe" /INCREMENTAL /NOLOGO /LIBPATH:..\..\..\cpp\cinder_0.8.4_vc2010\cinder_0.8.4_vc2010\lib /LIBPATH:..\..\..\cpp\cinder_0.8.4_vc2010\cinder_0.8.4_vc2010\lib\msw /LIBPATH:"D:\code\CinderProjectEx1\lib\Cinder-OpenCV\lib\vc10" cinder_d.lib opencv_core230d.lib kernel32.lib user32.lib gdi32.lib winspool.lib comdlg32.lib advapi32.lib shell32.lib ole32.lib oleaut32.lib uuid.lib odbc32.lib odbccp32.lib /NODEFAULTLIB:LIBCMT /MANIFEST /ManifestFile:"Debug\CinderProjectEx1.exe.intermediate.manifest" /MANIFESTUAC:"level='asInvoker' uiAccess='false'" /DEBUG /PDB:"D:\code\CinderProjectEx1\vc10\Debug\CinderProjectEx1.pdb" /SUBSYSTEM:WINDOWS /TLBID:1 /DYNAMICBASE:NO /IMPLIB:"D:\code\CinderProjectEx1\vc10\Debug\CinderProjectEx1.lib" /MACHINE:X86 Debug\Resources.res
         Debug\CinderProjectEx1.exe.embed.manifest.res
         Debug\CinderProjectEx1App.obj
       Manifest:
         C:\Program Files (x86)\Microsoft SDKs\Windows\v7.0A\bin\mt.exe /nologo /verbose /out:"Debug\CinderProjectEx1.exe.embed.manifest" /manifest Debug\CinderProjectEx1.exe.intermediate.manifest
         All outputs are up-to-date.
       LinkEmbedManifest:
         All outputs are up-to-date.
         CinderProjectEx1.vcxproj -> D:\code\CinderProjectEx1\vc10\Debug\CinderProjectEx1.exe
       FinalizeBuildStatus:
         Deleting file "Debug\CinderProjectEx1.unsuccessfulbuild".
         Touching "Debug\CinderProjectEx1.lastbuildstate".
     1>Done Building Project "D:\code\CinderProjectEx1\vc10\CinderProjectEx1.vcxproj" (build target(s)).

Build succeeded.

Time Elapsed 00:00:05.64
