Build started 11/13/2012 5:20:45 PM.
     1>Project "D:\code\CinderProjectEx1\vc10\CinderProjectEx1.vcxproj" on node 2 (build target(s)).
     1>InitializeBuildStatus:
         Creating "Release\CinderProjectEx1.unsuccessfulbuild" because "AlwaysCreate" was specified.
       ClCompile:
         D:\Program Files (x86)\Microsoft Visual Studio 10.0\VC\bin\CL.exe /c /I..\include /I..\..\..\cpp\cinder_0.8.4_vc2010\cinder_0.8.4_vc2010\include /I..\..\..\cpp\cinder_0.8.4_vc2010\cinder_0.8.4_vc2010\boost /I"D:\code\CinderProjectEx1\lib\Cinder-OpenCV\include" /Zi /nologo /W3 /WX- /O2 /Oy- /GL /D WIN32 /D NDEBUG /D _WINDOWS /D _UNICODE /D UNICODE /Gm- /EHsc /MT /GS /fp:precise /Zc:wchar_t /Zc:forScope /Fo"Release\\" /Fd"Release\vc100.pdb" /Gd /TP /analyze- /errorReport:prompt ..\src\CinderProjectEx1App.cpp
         CinderProjectEx1App.cpp
     1>d:\code\cinderprojectex1\lib\cinder-opencv\include\opencv2/flann/logger.h(70): warning C4996: 'fopen': This function or variable may be unsafe. Consider using fopen_s instead. To disable deprecation, use _CRT_SECURE_NO_WARNINGS. See online help for details.
                 D:\Program Files (x86)\Microsoft Visual Studio 10.0\VC\include\stdio.h(234) : see declaration of 'fopen'
     1>..\src\CinderProjectEx1App.cpp(90): warning C4018: '>' : signed/unsigned mismatch
     1>..\src\CinderProjectEx1App.cpp(115): warning C4244: 'initializing' : conversion from 'int' to 'float', possible loss of data
     1>..\src\CinderProjectEx1App.cpp(116): warning C4244: 'initializing' : conversion from 'int' to 'float', possible loss of data
     1>..\src\CinderProjectEx1App.cpp(137): warning C4244: 'initializing' : conversion from 'double' to 'float', possible loss of data
     1>..\src\CinderProjectEx1App.cpp(138): warning C4244: 'initializing' : conversion from 'double' to 'float', possible loss of data
     1>..\src\CinderProjectEx1App.cpp(139): warning C4244: 'initializing' : conversion from 'double' to 'float', possible loss of data
     1>..\src\CinderProjectEx1App.cpp(142): warning C4244: 'argument' : conversion from 'int' to 'float', possible loss of data
     1>..\src\CinderProjectEx1App.cpp(142): warning C4244: 'argument' : conversion from 'int' to 'float', possible loss of data
     1>..\src\CinderProjectEx1App.cpp(143): warning C4244: 'argument' : conversion from 'int' to 'float', possible loss of data
     1>..\src\CinderProjectEx1App.cpp(143): warning C4244: 'argument' : conversion from 'int' to 'float', possible loss of data
     1>..\src\CinderProjectEx1App.cpp(153): warning C4018: '<' : signed/unsigned mismatch
     1>..\src\CinderProjectEx1App.cpp(154): warning C4244: 'argument' : conversion from 'float' to 'uint8_t', possible loss of data
     1>..\src\CinderProjectEx1App.cpp(154): warning C4244: 'argument' : conversion from 'float' to 'uint8_t', possible loss of data
     1>..\src\CinderProjectEx1App.cpp(154): warning C4244: 'argument' : conversion from 'float' to 'uint8_t', possible loss of data
     1>..\src\CinderProjectEx1App.cpp(170): warning C4018: '<' : signed/unsigned mismatch
       ResourceCompile:
         All outputs are up-to-date.
       Link:
         D:\Program Files (x86)\Microsoft Visual Studio 10.0\VC\bin\link.exe /ERRORREPORT:PROMPT /OUT:"D:\code\CinderProjectEx1\vc10\Release\CinderProjectEx1.exe" /INCREMENTAL:NO /NOLOGO /LIBPATH:..\..\..\cpp\cinder_0.8.4_vc2010\cinder_0.8.4_vc2010\lib /LIBPATH:..\..\..\cpp\cinder_0.8.4_vc2010\cinder_0.8.4_vc2010\lib\msw /LIBPATH:"D:\code\CinderProjectEx1\lib\Cinder-OpenCV\lib\vc10" cinder.lib opencv_core230.lib kernel32.lib user32.lib gdi32.lib winspool.lib comdlg32.lib advapi32.lib shell32.lib ole32.lib oleaut32.lib uuid.lib odbc32.lib odbccp32.lib /MANIFEST /ManifestFile:"Release\CinderProjectEx1.exe.intermediate.manifest" /MANIFESTUAC:"level='asInvoker' uiAccess='false'" /PDB:"D:\code\CinderProjectEx1\vc10\Release\CinderProjectEx1.pdb" /MAP /SUBSYSTEM:WINDOWS /OPT:REF /LTCG /TLBID:1 /DYNAMICBASE:NO /IMPLIB:"D:\code\CinderProjectEx1\vc10\Release\CinderProjectEx1.lib" /MACHINE:X86 Release\Resources.res
         Release\CinderProjectEx1App.obj
         Generating code
         Finished generating code
         CinderProjectEx1.vcxproj -> D:\code\CinderProjectEx1\vc10\Release\CinderProjectEx1.exe
       Manifest:
         C:\Program Files (x86)\Microsoft SDKs\Windows\v7.0A\bin\mt.exe /nologo /verbose /outputresource:"D:\code\CinderProjectEx1\vc10\Release\CinderProjectEx1.exe;#1" /manifest Release\CinderProjectEx1.exe.intermediate.manifest
       FinalizeBuildStatus:
         Deleting file "Release\CinderProjectEx1.unsuccessfulbuild".
         Touching "Release\CinderProjectEx1.lastbuildstate".
     1>Done Building Project "D:\code\CinderProjectEx1\vc10\CinderProjectEx1.vcxproj" (build target(s)).

Build succeeded.

Time Elapsed 00:00:05.77
